#
# A fatal error has been detected by the Java Runtime Environment:
#
#  EXCEPTION_ACCESS_VIOLATION (0xc0000005) at pc=0x000000006da081c5, pid=11944, tid=16180
#
# JRE version: Java(TM) SE Runtime Environment (8.0_51-b16) (build 1.8.0_51-b16)
# Java VM: Java HotSpot(TM) 64-Bit Server VM (25.51-b03 mixed mode windows-amd64 compressed oops)
# Problematic frame:
# V  [jvm.dll+0x1281c5]
#
# Failed to write core dump. Minidumps are not enabled by default on client versions of Windows
#
# If you would like to submit a bug report, please visit:
#   http://bugreport.java.com/bugreport/crash.jsp
#

---------------  T H R E A D  ---------------

Current thread (0x0000000058d80000):  JavaThread "JDWP Transport Listener: dt_socket" daemon [_thread_in_vm, id=16180, stack(0x000000005a670000,0x000000005a770000)]

siginfo: ExceptionCode=0xc0000005, reading address 0xffffffffffffffff

Registers:
RAX=0x000000005a76f501, RBX=0x0000000058d80000, RCX=0x003b7463656a624f, RDX=0x0000000000000000
RSP=0x000000005a76f570, RBP=0x003b7463656a624f, RSI=0x000000005a76f688, RDI=0x0000000002709fd0
R8 =0x0000000058d80000, R9 =0x000000000000ff00, R10=0x0000000000000000, R11=0x00000214002a0008
R12=0x0000000000000000, R13=0x0000000058d87868, R14=0x0000000000000000, R15=0x0000000000000000
RIP=0x000000006da081c5, EFLAGS=0x0000000000010202

Top of Stack: (sp=0x000000005a76f570)
0x000000005a76f570:   0000000058d80000 0000000058d80000
0x000000005a76f580:   000000005a76f638 000000006dc0c72b
0x000000005a76f590:   0000000058d80000 000000006dc28f8d
0x000000005a76f5a0:   0000000000000000 0000000073bd9155
0x000000005a76f5b0:   0000000058dff668 0000000073be291e
0x000000005a76f5c0:   0000000058d80000 0000000000000000
0x000000005a76f5d0:   0000000000000000 0000000000000000
0x000000005a76f5e0:   003b7463656a624f 0000000073be1a15
0x000000005a76f5f0:   000000005a76f688 000000005a76f660
0x000000005a76f600:   0000000000000001 0000000058dff668
0x000000005a76f610:   003b7463656a624f 0000000073bc53b3
0x000000005a76f620:   000000005a76f750 0000000000000001
0x000000005a76f630:   0000000000000001 0000000058dff668
0x000000005a76f640:   000000000000000a 0000000000000000
0x000000005a76f650:   0000000000000000 0000000000000000
0x000000005a76f660:   0000000000000001 0000000073bc5571 

Instructions: (pc=0x000000006da081c5)
0x000000006da081a5:   cc cc cc cc cc cc cc cc cc cc cc 48 83 ec 28 48
0x000000006da081b5:   85 c9 75 07 33 c0 48 83 c4 28 c3 48 89 5c 24 20
0x000000006da081c5:   48 8b 19 48 85 db 74 20 48 83 fb 37 74 1a 48 8b
0x000000006da081d5:   13 48 8b cb ff 52 10 84 c0 74 0d 48 8b c3 48 8b 


Register to memory mapping:

RAX=0x000000005a76f501 is pointing into the stack for thread: 0x0000000058d80000
RBX=0x0000000058d80000 is a thread
RCX=0x003b7463656a624f is an unknown value
RDX=0x0000000000000000 is an unknown value
RSP=0x000000005a76f570 is pointing into the stack for thread: 0x0000000058d80000
RBP=0x003b7463656a624f is an unknown value
RSI=0x000000005a76f688 is pointing into the stack for thread: 0x0000000058d80000
RDI=0x0000000002709fd0 is an unknown value
R8 =0x0000000058d80000 is a thread
R9 =0x000000000000ff00 is an unknown value
R10=0x0000000000000000 is an unknown value
R11=0x00000214002a0008 is an unknown value
R12=0x0000000000000000 is an unknown value
R13=0x0000000058d87868 is an unknown value
R14=0x0000000000000000 is an unknown value
R15=0x0000000000000000 is an unknown value


Stack: [0x000000005a670000,0x000000005a770000],  sp=0x000000005a76f570,  free space=1021k
Native frames: (J=compiled Java code, j=interpreted, Vv=VM code, C=native code)
V  [jvm.dll+0x1281c5]
V  [jvm.dll+0x348f8d]
C  [jdwp.dll+0x21a15]
C  [jdwp.dll+0x53b3]
C  [jdwp.dll+0x5571]
C  [jdwp.dll+0xf0a8]
C  [jdwp.dll+0x1f2d5]
C  [jdwp.dll+0x1f4aa]
V  [jvm.dll+0x1bae78]
V  [jvm.dll+0x2418a4]
V  [jvm.dll+0x29846a]
C  [msvcr100.dll+0x21d9f]
C  [msvcr100.dll+0x21e3b]
C  [kernel32.dll+0x159cd]
C  [ntdll.dll+0x2b981]


---------------  P R O C E S S  ---------------

Java Threads: ( => current thread )
  0x000000005b5e6800 JavaThread "Swing-Shell" daemon [_thread_blocked, id=21900, stack(0x0000000063d60000,0x0000000063e60000)]
  0x0000000060149000 JavaThread "D3D Screen Updater" daemon [_thread_blocked, id=8968, stack(0x0000000061080000,0x0000000061180000)]
  0x000000005b5f4800 JavaThread "TimerQueue" daemon [_thread_blocked, id=25428, stack(0x000000005e230000,0x000000005e330000)]
  0x000000000270f800 JavaThread "DestroyJavaVM" [_thread_blocked, id=24932, stack(0x0000000002930000,0x0000000002a30000)]
  0x000000005b530000 JavaThread "AWT-EventQueue-0" [_thread_blocked, id=16988, stack(0x000000005be70000,0x000000005bf70000)]
  0x000000005b524000 JavaThread "AWT-Windows" daemon [_thread_in_native, id=25580, stack(0x000000005bd40000,0x000000005be40000)]
  0x000000005b523800 JavaThread "AWT-Shutdown" [_thread_blocked, id=4444, stack(0x000000005bc00000,0x000000005bd00000)]
  0x000000005b51f000 JavaThread "Java2D Disposer" daemon [_thread_blocked, id=9296, stack(0x000000005a4b0000,0x000000005a5b0000)]
  0x0000000058e1e800 JavaThread "Service Thread" daemon [_thread_blocked, id=25116, stack(0x000000005b200000,0x000000005b300000)]
  0x0000000058dab800 JavaThread "C1 CompilerThread3" daemon [_thread_blocked, id=4516, stack(0x000000005b060000,0x000000005b160000)]
  0x0000000058daa800 JavaThread "C2 CompilerThread2" daemon [_thread_blocked, id=20912, stack(0x000000005ade0000,0x000000005aee0000)]
  0x0000000058da4000 JavaThread "C2 CompilerThread1" daemon [_thread_blocked, id=21516, stack(0x000000005acd0000,0x000000005add0000)]
  0x0000000058d9b800 JavaThread "C2 CompilerThread0" daemon [_thread_blocked, id=19204, stack(0x000000005aba0000,0x000000005aca0000)]
  0x0000000058d8c800 JavaThread "JDWP Command Reader" daemon [_thread_in_native, id=15100, stack(0x000000005a850000,0x000000005a950000)]
  0x0000000058d8a800 JavaThread "JDWP Event Helper Thread" daemon [_thread_blocked, id=24048, stack(0x000000005a9e0000,0x000000005aae0000)]
=>0x0000000058d80000 JavaThread "JDWP Transport Listener: dt_socket" daemon [_thread_in_vm, id=16180, stack(0x000000005a670000,0x000000005a770000)]
  0x0000000058d73800 JavaThread "Attach Listener" daemon [_thread_blocked, id=25236, stack(0x0000000002030000,0x0000000002130000)]
  0x0000000058d72800 JavaThread "Signal Dispatcher" daemon [_thread_blocked, id=22724, stack(0x0000000059e30000,0x0000000059f30000)]
  0x0000000057cc0800 JavaThread "Finalizer" daemon [_thread_blocked, id=22796, stack(0x000000005a0b0000,0x000000005a1b0000)]
  0x0000000057cb9800 JavaThread "Reference Handler" daemon [_thread_blocked, id=15072, stack(0x0000000059f60000,0x000000005a060000)]

Other Threads:
  0x0000000057cb5000 VMThread [stack: 0x0000000059d10000,0x0000000059e10000] [id=16048]
  0x0000000058e2b000 WatcherThread [stack: 0x000000005b300000,0x000000005b400000] [id=10844]

VM state:not at safepoint (normal execution)

VM Mutex/Monitor currently owned by a thread: None

Heap:
 PSYoungGen      total 33280K, used 6399K [0x00000000d5f00000, 0x00000000d8680000, 0x0000000100000000)
  eden space 27136K, 20% used [0x00000000d5f00000,0x00000000d647fd60,0x00000000d7980000)
  from space 6144K, 12% used [0x00000000d8080000,0x00000000d8140000,0x00000000d8680000)
  to   space 6656K, 0% used [0x00000000d7980000,0x00000000d7980000,0x00000000d8000000)
 ParOldGen       total 66048K, used 30829K [0x0000000081c00000, 0x0000000085c80000, 0x00000000d5f00000)
  object space 66048K, 46% used [0x0000000081c00000,0x0000000083a1b6e0,0x0000000085c80000)
 Metaspace       used 24268K, capacity 24542K, committed 24880K, reserved 1071104K
  class space    used 3003K, capacity 3083K, committed 3120K, reserved 1048576K

Card table byte_map: [0x0000000011df0000,0x00000000121f0000] byte_map_base: 0x00000000119e2000

Marking Bits: (ParMarkBitMap*) 0x000000006e0e4040
 Begin Bits: [0x0000000012fb0000, 0x0000000014f40000)
 End Bits:   [0x0000000014f40000, 0x0000000016ed0000)

Polling page: 0x0000000000250000

CodeCache: size=245760Kb used=14668Kb max_used=15550Kb free=231091Kb
 bounds [0x0000000002a30000, 0x00000000039d0000, 0x0000000011a30000]
 total_blobs=4673 nmethods=4042 adapters=548
 compilation: enabled

Compilation events (10 events):
Event: 843.466 Thread 0x0000000058dab800 5088       1       java.awt.Window::isFocusCycleRoot (2 bytes)
Event: 843.467 Thread 0x0000000058dab800 nmethod 5088 0x0000000003799810 code [0x0000000003799960, 0x0000000003799a70]
Event: 843.467 Thread 0x0000000058dab800 5089       3       java.util.Locale::forLanguageTag (74 bytes)
Event: 843.468 Thread 0x0000000058dab800 nmethod 5089 0x0000000003490f10 code [0x0000000003491120, 0x0000000003491dc8]
Event: 843.468 Thread 0x0000000058dab800 5090       3       sun.util.locale.LanguageTag::parse (205 bytes)
Event: 843.470 Thread 0x0000000058dab800 nmethod 5090 0x000000000348eb10 code [0x000000000348ee40, 0x00000000034903d8]
Event: 843.470 Thread 0x0000000058dab800 5091       3       sun.util.locale.LanguageTag::parseLanguage (55 bytes)
Event: 843.471 Thread 0x0000000058dab800 nmethod 5091 0x000000000367dad0 code [0x000000000367dc80, 0x000000000367e2d8]
Event: 845.352 Thread 0x0000000058dab800 5092       3       java.awt.KeyboardFocusManager::fireVetoableChange (26 bytes)
Event: 845.352 Thread 0x0000000058dab800 nmethod 5092 0x0000000003799290 code [0x0000000003799400, 0x00000000037996c8]

GC Heap History (10 events):
Event: 174.087 GC heap before
{Heap before GC invocations=89 (full 1):
 PSYoungGen      total 35328K, used 27520K [0x00000000d5f00000, 0x00000000d8980000, 0x0000000100000000)
  eden space 27136K, 100% used [0x00000000d5f00000,0x00000000d7980000,0x00000000d7980000)
  from space 8192K, 4% used [0x00000000d7980000,0x00000000d79e0000,0x00000000d8180000)
  to   space 8192K, 0% used [0x00000000d8180000,0x00000000d8180000,0x00000000d8980000)
 ParOldGen       total 66048K, used 30605K [0x0000000081c00000, 0x0000000085c80000, 0x00000000d5f00000)
  object space 66048K, 46% used [0x0000000081c00000,0x00000000839e36e0,0x0000000085c80000)
 Metaspace       used 23464K, capacity 23762K, committed 24112K, reserved 1071104K
  class space    used 2987K, capacity 3081K, committed 3120K, reserved 1048576K
Event: 174.089 GC heap after
Heap after GC invocations=89 (full 1):
 PSYoungGen      total 35328K, used 320K [0x00000000d5f00000, 0x00000000d8980000, 0x0000000100000000)
  eden space 27136K, 0% used [0x00000000d5f00000,0x00000000d5f00000,0x00000000d7980000)
  from space 8192K, 3% used [0x00000000d8180000,0x00000000d81d0000,0x00000000d8980000)
  to   space 8192K, 0% used [0x00000000d7980000,0x00000000d7980000,0x00000000d8180000)
 ParOldGen       total 66048K, used 30717K [0x0000000081c00000, 0x0000000085c80000, 0x00000000d5f00000)
  object space 66048K, 46% used [0x0000000081c00000,0x00000000839ff6e0,0x0000000085c80000)
 Metaspace       used 23464K, capacity 23762K, committed 24112K, reserved 1071104K
  class space    used 2987K, capacity 3081K, committed 3120K, reserved 1048576K
}
Event: 749.269 GC heap before
{Heap before GC invocations=90 (full 1):
 PSYoungGen      total 35328K, used 27456K [0x00000000d5f00000, 0x00000000d8980000, 0x0000000100000000)
  eden space 27136K, 100% used [0x00000000d5f00000,0x00000000d7980000,0x00000000d7980000)
  from space 8192K, 3% used [0x00000000d8180000,0x00000000d81d0000,0x00000000d8980000)
  to   space 8192K, 0% used [0x00000000d7980000,0x00000000d7980000,0x00000000d8180000)
 ParOldGen       total 66048K, used 30717K [0x0000000081c00000, 0x0000000085c80000, 0x00000000d5f00000)
  object space 66048K, 46% used [0x0000000081c00000,0x00000000839ff6e0,0x0000000085c80000)
 Metaspace       used 23800K, capacity 24082K, committed 24368K, reserved 1071104K
  class space    used 2990K, capacity 3081K, committed 3120K, reserved 1048576K
Event: 749.271 GC heap after
Heap after GC invocations=90 (full 1):
 PSYoungGen      total 27648K, used 448K [0x00000000d5f00000, 0x00000000d8880000, 0x0000000100000000)
  eden space 27136K, 0% used [0x00000000d5f00000,0x00000000d5f00000,0x00000000d7980000)
  from space 512K, 87% used [0x00000000d7980000,0x00000000d79f0000,0x00000000d7a00000)
  to   space 7680K, 0% used [0x00000000d8100000,0x00000000d8100000,0x00000000d8880000)
 ParOldGen       total 66048K, used 30741K [0x0000000081c00000, 0x0000000085c80000, 0x00000000d5f00000)
  object space 66048K, 46% used [0x0000000081c00000,0x0000000083a056e0,0x0000000085c80000)
 Metaspace       used 23800K, capacity 24082K, committed 24368K, reserved 1071104K
  class space    used 2990K, capacity 3081K, committed 3120K, reserved 1048576K
}
Event: 837.657 GC heap before
{Heap before GC invocations=91 (full 1):
 PSYoungGen      total 27648K, used 27584K [0x00000000d5f00000, 0x00000000d8880000, 0x0000000100000000)
  eden space 27136K, 100% used [0x00000000d5f00000,0x00000000d7980000,0x00000000d7980000)
  from space 512K, 87% used [0x00000000d7980000,0x00000000d79f0000,0x00000000d7a00000)
  to   space 7680K, 0% used [0x00000000d8100000,0x00000000d8100000,0x00000000d8880000)
 ParOldGen       total 66048K, used 30741K [0x0000000081c00000, 0x0000000085c80000, 0x00000000d5f00000)
  object space 66048K, 46% used [0x0000000081c00000,0x0000000083a056e0,0x0000000085c80000)
 Metaspace       used 24234K, capacity 24478K, committed 24880K, reserved 1071104K
  class space    used 3003K, capacity 3083K, committed 3120K, reserved 1048576K
Event: 837.659 GC heap after
Heap after GC invocations=91 (full 1):
 PSYoungGen      total 34816K, used 928K [0x00000000d5f00000, 0x00000000d8880000, 0x0000000100000000)
  eden space 27136K, 0% used [0x00000000d5f00000,0x00000000d5f00000,0x00000000d7980000)
  from space 7680K, 12% used [0x00000000d8100000,0x00000000d81e8000,0x00000000d8880000)
  to   space 7680K, 0% used [0x00000000d7980000,0x00000000d7980000,0x00000000d8100000)
 ParOldGen       total 66048K, used 30765K [0x0000000081c00000, 0x0000000085c80000, 0x00000000d5f00000)
  object space 66048K, 46% used [0x0000000081c00000,0x0000000083a0b6e0,0x0000000085c80000)
 Metaspace       used 24234K, capacity 24478K, committed 24880K, reserved 1071104K
  class space    used 3003K, capacity 3083K, committed 3120K, reserved 1048576K
}
Event: 839.404 GC heap before
{Heap before GC invocations=92 (full 1):
 PSYoungGen      total 34816K, used 28064K [0x00000000d5f00000, 0x00000000d8880000, 0x0000000100000000)
  eden space 27136K, 100% used [0x00000000d5f00000,0x00000000d7980000,0x00000000d7980000)
  from space 7680K, 12% used [0x00000000d8100000,0x00000000d81e8000,0x00000000d8880000)
  to   space 7680K, 0% used [0x00000000d7980000,0x00000000d7980000,0x00000000d8100000)
 ParOldGen       total 66048K, used 30765K [0x0000000081c00000, 0x0000000085c80000, 0x00000000d5f00000)
  object space 66048K, 46% used [0x0000000081c00000,0x0000000083a0b6e0,0x0000000085c80000)
 Metaspace       used 24236K, capacity 24478K, committed 24880K, reserved 1071104K
  class space    used 3003K, capacity 3083K, committed 3120K, reserved 1048576K
Event: 839.406 GC heap after
Heap after GC invocations=92 (full 1):
 PSYoungGen      total 28160K, used 800K [0x00000000d5f00000, 0x00000000d8780000, 0x0000000100000000)
  eden space 27136K, 0% used [0x00000000d5f00000,0x00000000d5f00000,0x00000000d7980000)
  from space 1024K, 78% used [0x00000000d7980000,0x00000000d7a48000,0x00000000d7a80000)
  to   space 7168K, 0% used [0x00000000d8080000,0x00000000d8080000,0x00000000d8780000)
 ParOldGen       total 66048K, used 30789K [0x0000000081c00000, 0x0000000085c80000, 0x00000000d5f00000)
  object space 66048K, 46% used [0x0000000081c00000,0x0000000083a116e0,0x0000000085c80000)
 Metaspace       used 24236K, capacity 24478K, committed 24880K, reserved 1071104K
  class space    used 3003K, capacity 3083K, committed 3120K, reserved 1048576K
}
Event: 841.184 GC heap before
{Heap before GC invocations=93 (full 1):
 PSYoungGen      total 28160K, used 27936K [0x00000000d5f00000, 0x00000000d8780000, 0x0000000100000000)
  eden space 27136K, 100% used [0x00000000d5f00000,0x00000000d7980000,0x00000000d7980000)
  from space 1024K, 78% used [0x00000000d7980000,0x00000000d7a48000,0x00000000d7a80000)
  to   space 7168K, 0% used [0x00000000d8080000,0x00000000d8080000,0x00000000d8780000)
 ParOldGen       total 66048K, used 30789K [0x0000000081c00000, 0x0000000085c80000, 0x00000000d5f00000)
  object space 66048K, 46% used [0x0000000081c00000,0x0000000083a116e0,0x0000000085c80000)
 Metaspace       used 24236K, capacity 24478K, committed 24880K, reserved 1071104K
  class space    used 3003K, capacity 3083K, committed 3120K, reserved 1048576K
Event: 841.186 GC heap after
Heap after GC invocations=93 (full 1):
 PSYoungGen      total 33280K, used 768K [0x00000000d5f00000, 0x00000000d8680000, 0x0000000100000000)
  eden space 27136K, 0% used [0x00000000d5f00000,0x00000000d5f00000,0x00000000d7980000)
  from space 6144K, 12% used [0x00000000d8080000,0x00000000d8140000,0x00000000d8680000)
  to   space 6656K, 0% used [0x00000000d7980000,0x00000000d7980000,0x00000000d8000000)
 ParOldGen       total 66048K, used 30829K [0x0000000081c00000, 0x0000000085c80000, 0x00000000d5f00000)
  object space 66048K, 46% used [0x0000000081c00000,0x0000000083a1b6e0,0x0000000085c80000)
 Metaspace       used 24236K, capacity 24478K, committed 24880K, reserved 1071104K
  class space    used 3003K, capacity 3083K, committed 3120K, reserved 1048576K
}

Deoptimization events (10 events):
Event: 835.364 Thread 0x000000005b530000 Uncommon trap: reason=bimorphic action=maybe_recompile pc=0x0000000003414eb8 method=javax.swing.text.PlainView.updateMetrics()V @ 6
Event: 835.364 Thread 0x000000005b530000 Uncommon trap: reason=bimorphic action=maybe_recompile pc=0x00000000032886cc method=javax.swing.text.PlainView.updateMetrics()V @ 6
Event: 835.364 Thread 0x000000005b530000 Uncommon trap: reason=bimorphic action=maybe_recompile pc=0x0000000003414eb8 method=javax.swing.text.PlainView.updateMetrics()V @ 6
Event: 835.364 Thread 0x000000005b530000 Uncommon trap: reason=bimorphic action=maybe_recompile pc=0x00000000032886cc method=javax.swing.text.PlainView.updateMetrics()V @ 6
Event: 835.366 Thread 0x000000005b530000 Uncommon trap: reason=bimorphic action=maybe_recompile pc=0x0000000003799698 method=javax.swing.text.PlainView.updateMetrics()V @ 6
Event: 836.223 Thread 0x000000005b530000 Uncommon trap: reason=bimorphic action=maybe_recompile pc=0x000000000373e4ec method=javax.swing.text.PlainView.updateMetrics()V @ 6
Event: 836.223 Thread 0x000000005b530000 Uncommon trap: reason=unstable_if action=reinterpret pc=0x0000000002ceb250 method=javax.swing.text.PlainView.damageLineRange(IILjava/awt/Shape;Ljava/awt/Component;)V @ 1
Event: 841.250 Thread 0x000000005b530000 Uncommon trap: reason=unstable_if action=reinterpret pc=0x000000000336f444 method=abyss.graphpanel.ElementDraw.getCrazyColor(I)Ljava/awt/Color; @ 16
Event: 841.252 Thread 0x000000005b530000 Uncommon trap: reason=unstable_if action=reinterpret pc=0x00000000031c3d54 method=java.awt.Color.testColorValueRange(IIII)V @ 87
Event: 841.280 Thread 0x000000005b530000 Uncommon trap: reason=unstable_if action=reinterpret pc=0x000000000308f598 method=javax.swing.SwingUtilities.getWindowAncestor(Ljava/awt/Component;)Ljava/awt/Window; @ 6

Internal exceptions (10 events):
Event: 0.169 Thread 0x000000000270f800 Exception <a 'java/security/PrivilegedActionException'> (0x00000000d5f83928) thrown at [C:\re\workspace\8-2-build-windows-amd64-cygwin\jdk8u51\3951\hotspot\src\share\vm\prims\jvm.cpp, line 1382]
Event: 0.169 Thread 0x000000000270f800 Exception <a 'java/security/PrivilegedActionException'> (0x00000000d5f83ae0) thrown at [C:\re\workspace\8-2-build-windows-amd64-cygwin\jdk8u51\3951\hotspot\src\share\vm\prims\jvm.cpp, line 1382]
Event: 0.170 Thread 0x000000000270f800 Exception <a 'java/security/PrivilegedActionException'> (0x00000000d5f875d8) thrown at [C:\re\workspace\8-2-build-windows-amd64-cygwin\jdk8u51\3951\hotspot\src\share\vm\prims\jvm.cpp, line 1382]
Event: 0.170 Thread 0x000000000270f800 Exception <a 'java/security/PrivilegedActionException'> (0x00000000d5f87790) thrown at [C:\re\workspace\8-2-build-windows-amd64-cygwin\jdk8u51\3951\hotspot\src\share\vm\prims\jvm.cpp, line 1382]
Event: 0.186 Thread 0x000000000270f800 Exception <a 'java/io/FileNotFoundException'> (0x00000000d61cb600) thrown at [C:\re\workspace\8-2-build-windows-amd64-cygwin\jdk8u51\3951\hotspot\src\share\vm\prims\jni.cpp, line 709]
Event: 0.227 Thread 0x000000000270f800 Exception <a 'java/lang/NoSuchFieldError': method resolution failed> (0x00000000d62b1508) thrown at [C:\re\workspace\8-2-build-windows-amd64-cygwin\jdk8u51\3951\hotspot\src\share\vm\prims\methodHandles.cpp, line 1125]
Event: 0.230 Thread 0x000000000270f800 Exception <a 'java/lang/NoSuchFieldError': method resolution failed> (0x00000000d62bff48) thrown at [C:\re\workspace\8-2-build-windows-amd64-cygwin\jdk8u51\3951\hotspot\src\share\vm\prims\methodHandles.cpp, line 1125]
Event: 0.266 Thread 0x000000005b530000 Exception <a 'java/io/FileNotFoundException'> (0x00000000d64b5b30) thrown at [C:\re\workspace\8-2-build-windows-amd64-cygwin\jdk8u51\3951\hotspot\src\share\vm\prims\jni.cpp, line 709]
Event: 4.946 Thread 0x000000005b530000 Implicit null exception at 0x0000000002f14e0f to 0x0000000002f14eee
Event: 336.734 Thread 0x000000005b530000 Implicit null exception at 0x000000000354d28f to 0x000000000354dc15

Events (10 events):
Event: 841.644 Thread 0x0000000058dab800 flushing nmethod 0x0000000003288110
Event: 842.366 Thread 0x0000000058d9b800 flushing nmethod 0x0000000003414a50
Event: 842.838 Thread 0x0000000058dab800 flushing nmethod 0x000000000367d890
Event: 842.838 Executing VM operation: BulkRevokeBias
Event: 842.838 Executing VM operation: BulkRevokeBias done
Event: 842.839 Thread 0x0000000058dab800 flushing nmethod 0x000000000373c810
Event: 842.839 Thread 0x0000000058dab800 flushing nmethod 0x0000000003799290
Event: 846.292 Executing VM operation: RevokeBias
Event: 846.292 Executing VM operation: RevokeBias done
Event: 846.292 Thread 0x0000000060c44000 Thread exited: 0x0000000060c44000


Dynamic libraries:
0x000000013f220000 - 0x000000013f257000 	C:\Program Files\Java\jre1.8.0_51\bin\javaw.exe
0x0000000076e70000 - 0x0000000077019000 	C:\Windows\SYSTEM32\ntdll.dll
0x0000000076d50000 - 0x0000000076e6f000 	C:\Windows\system32\kernel32.dll
0x000007fefcf60000 - 0x000007fefcfcc000 	C:\Windows\system32\KERNELBASE.dll
0x000007fefd7a0000 - 0x000007fefd87b000 	C:\Windows\system32\ADVAPI32.dll
0x000007fefd980000 - 0x000007fefda1f000 	C:\Windows\system32\msvcrt.dll
0x000007feff160000 - 0x000007feff17f000 	C:\Windows\SYSTEM32\sechost.dll
0x000007fefd5f0000 - 0x000007fefd71d000 	C:\Windows\system32\RPCRT4.dll
0x0000000076c50000 - 0x0000000076d4a000 	C:\Windows\system32\USER32.dll
0x000007fefda20000 - 0x000007fefda87000 	C:\Windows\system32\GDI32.dll
0x000007fefd880000 - 0x000007fefd88e000 	C:\Windows\system32\LPK.dll
0x000007fefd230000 - 0x000007fefd2f9000 	C:\Windows\system32\USP10.dll
0x000007fefb310000 - 0x000007fefb504000 	C:\Windows\WinSxS\amd64_microsoft.windows.common-controls_6595b64144ccf1df_6.0.7601.18837_none_fa3b1e3d17594757\COMCTL32.dll
0x000007fefd720000 - 0x000007fefd791000 	C:\Windows\system32\SHLWAPI.dll
0x000007fefee30000 - 0x000007fefee5e000 	C:\Windows\system32\IMM32.DLL
0x000007fefda90000 - 0x000007fefdb99000 	C:\Windows\system32\MSCTF.dll
0x000007fefa000000 - 0x000007fefa031000 	C:\Windows\system32\nvinitx.dll
0x000007fefc9d0000 - 0x000007fefc9dc000 	C:\Windows\system32\VERSION.dll
0x0000000073c00000 - 0x0000000073cd2000 	C:\Program Files\Java\jre1.8.0_51\bin\msvcr100.dll
0x000000006d8e0000 - 0x000000006e163000 	C:\Program Files\Java\jre1.8.0_51\bin\server\jvm.dll
0x000007fef0da0000 - 0x000007fef0da9000 	C:\Windows\system32\WSOCK32.dll
0x000007fefd890000 - 0x000007fefd8dd000 	C:\Windows\system32\WS2_32.dll
0x000007fefd040000 - 0x000007fefd048000 	C:\Windows\system32\NSI.dll
0x000007fefa990000 - 0x000007fefa9cb000 	C:\Windows\system32\WINMM.dll
0x0000000077030000 - 0x0000000077037000 	C:\Windows\system32\PSAPI.DLL
0x0000000074700000 - 0x000000007470f000 	C:\Program Files\Java\jre1.8.0_51\bin\verify.dll
0x0000000074490000 - 0x00000000744b9000 	C:\Program Files\Java\jre1.8.0_51\bin\java.dll
0x0000000073bc0000 - 0x0000000073bf5000 	C:\Program Files\Java\jre1.8.0_51\bin\jdwp.dll
0x00000000746f0000 - 0x00000000746f8000 	C:\Program Files\Java\jre1.8.0_51\bin\npt.dll
0x0000000074680000 - 0x0000000074696000 	C:\Program Files\Java\jre1.8.0_51\bin\zip.dll
0x000007fefe0a0000 - 0x000007fefee29000 	C:\Windows\system32\SHELL32.dll
0x000007fefd3e0000 - 0x000007fefd5e3000 	C:\Windows\system32\ole32.dll
0x000007fefcc30000 - 0x000007fefcc3f000 	C:\Windows\system32\profapi.dll
0x0000000074650000 - 0x0000000074659000 	C:\Program Files\Java\jre1.8.0_51\bin\dt_socket.dll
0x000007fefac20000 - 0x000007fefac35000 	C:\Windows\system32\NLAapi.dll
0x000007feecca0000 - 0x000007feeccb5000 	C:\Windows\system32\napinsp.dll
0x000007feeb470000 - 0x000007feeb489000 	C:\Windows\system32\pnrpnsp.dll
0x000007fefc370000 - 0x000007fefc3c5000 	C:\Windows\System32\mswsock.dll
0x000007fefc1f0000 - 0x000007fefc24b000 	C:\Windows\system32\DNSAPI.dll
0x000007fef7830000 - 0x000007fef783b000 	C:\Windows\System32\winrnr.dll
0x00000000720e0000 - 0x000000007210e000 	C:\Program Files\Common Files\Microsoft Shared\Windows Live\WLIDNSP.DLL
0x00000000720b0000 - 0x00000000720d6000 	C:\Program Files\Bonjour\mdnsNSP.dll
0x000007fefa870000 - 0x000007fefa897000 	C:\Windows\system32\Iphlpapi.DLL
0x000007fefaa40000 - 0x000007fefaa4b000 	C:\Windows\system32\WINNSI.DLL
0x000007fefa700000 - 0x000007fefa753000 	C:\Windows\System32\fwpuclnt.dll
0x000007fef8c80000 - 0x000007fef8c88000 	C:\Windows\system32\rasadhlp.dll
0x000007fefbd70000 - 0x000007fefbd77000 	C:\Windows\System32\wshtcpip.dll
0x0000000072110000 - 0x00000000722a8000 	C:\Program Files\Java\jre1.8.0_51\bin\awt.dll
0x000007fefd300000 - 0x000007fefd3d7000 	C:\Windows\system32\OLEAUT32.dll
0x000007fefb150000 - 0x000007fefb1a6000 	C:\Windows\system32\uxtheme.dll
0x000007fefa7c0000 - 0x000007fefa7d8000 	C:\Windows\system32\dwmapi.dll
0x000007fefcb60000 - 0x000007fefcb6f000 	C:\Windows\system32\CRYPTBASE.dll
0x000007fef9520000 - 0x000007fef971f000 	C:\Windows\system32\d3d9.dll
0x000007fefa410000 - 0x000007fefa417000 	C:\Windows\system32\d3d8thk.dll
0x000007fedbba0000 - 0x000007fedcac2000 	C:\Windows\system32\nvd3dumx.dll
0x0000000180000000 - 0x00000001801a7000 	C:\Windows\system32\nvspcap64.dll
0x000007fefd050000 - 0x000007fefd227000 	C:\Windows\system32\SETUPAPI.dll
0x000007fefcce0000 - 0x000007fefcd16000 	C:\Windows\system32\CFGMGR32.dll
0x000007fefcd20000 - 0x000007fefcd3a000 	C:\Windows\system32\DEVOBJ.dll
0x000007fef6d40000 - 0x000007fef6db1000 	C:\Windows\system32\WINHTTP.dll
0x000007fef6cd0000 - 0x000007fef6d34000 	C:\Windows\system32\webio.dll
0x000007fef8d00000 - 0x000007fef9068000 	C:\Windows\system32\nvapi64.dll
0x000007fefc9a0000 - 0x000007fefc9c5000 	C:\Windows\system32\SspiCli.dll
0x000007fefb710000 - 0x000007fefb73c000 	C:\Windows\system32\powrprof.dll
0x0000000072db0000 - 0x0000000072df7000 	C:\Program Files\Java\jre1.8.0_51\bin\fontmanager.dll
0x000007fefd8e0000 - 0x000007fefd979000 	C:\Windows\system32\CLBCatQ.DLL
0x000007fefa0a0000 - 0x000007fefa201000 	C:\Windows\system32\WindowsCodecs.dll
0x000007fefcb00000 - 0x000007fefcb57000 	C:\Windows\system32\apphelp.dll
0x0000000071470000 - 0x0000000071486000 	C:\Program Files\Common Files\TortoiseOverlays\TortoiseOverlays.dll
0x0000000071440000 - 0x000000007145b000 	C:\Program Files\TortoiseGit\bin\TortoiseGitStub.dll
0x0000000071300000 - 0x000000007138e000 	C:\Program Files\TortoiseGit\bin\TortoiseGit.dll
0x000007fef6fd0000 - 0x000007fef709e000 	C:\Program Files\TortoiseGit\bin\libgit2_tgit.dll
0x000007fef6f90000 - 0x000007fef6fa8000 	C:\Program Files\TortoiseGit\bin\zlib1_tgit.dll
0x000007fef6ea0000 - 0x000007fef6f8f000 	C:\Windows\system32\MSVCR120.dll
0x000007fefcde0000 - 0x000007fefcf4d000 	C:\Windows\system32\CRYPT32.dll
0x000007fefcc20000 - 0x000007fefcc2f000 	C:\Windows\system32\MSASN1.dll
0x000007fef6970000 - 0x000007fef6bae000 	C:\Program Files\TortoiseGit\bin\gitdll.dll
0x000007fef68c0000 - 0x000007fef6966000 	C:\Windows\system32\MSVCP120.dll
0x000007fefc3d0000 - 0x000007fefc3e8000 	C:\Windows\system32\CRYPTSP.dll
0x000007fefc0d0000 - 0x000007fefc117000 	C:\Windows\system32\rsaenh.dll
0x000007fef64c0000 - 0x000007fef64d1000 	C:\Program Files\TortoiseGit\bin\crshhndl.dll
0x000007fef6480000 - 0x000007fef64ab000 	C:\Users\Rince\AppData\Roaming\Dropbox\bin\DropboxExt64.22.dll
0x000007fef6350000 - 0x000007fef6475000 	C:\Windows\system32\dbghelp.dll
0x0000000071150000 - 0x0000000071223000 	C:\Windows\WinSxS\amd64_microsoft.vc90.crt_1fc8b3b9a1e18e3b_9.0.30729.6161_none_08e61857a83bc251\MSVCP90.dll
0x00000000710a0000 - 0x0000000071143000 	C:\Windows\WinSxS\amd64_microsoft.vc90.crt_1fc8b3b9a1e18e3b_9.0.30729.6161_none_08e61857a83bc251\MSVCR90.dll
0x000007fef6310000 - 0x000007fef6345000 	C:\Windows\system32\EhStorShell.dll
0x000007fefb590000 - 0x000007fefb6bc000 	C:\Windows\system32\PROPSYS.dll
0x000007fef5ca0000 - 0x000007fef630f000 	C:\PROGRA~1\MIF5BA~1\Office14\GROOVEEX.DLL
0x0000000071920000 - 0x000000007194f000 	C:\Windows\WinSxS\amd64_microsoft.vc90.atl_1fc8b3b9a1e18e3b_9.0.30729.6161_none_0a1fd3a3a768b895\ATL90.DLL
0x000007fef5880000 - 0x000007fef5c9a000 	C:\PROGRA~1\COMMON~1\MICROS~1\OFFICE14\Cultures\office.odf
0x000007fef5000000 - 0x000007fef587f000 	C:\PROGRA~1\MIF5BA~1\Office14\1045\GrooveIntlResource.dll
0x0000000074620000 - 0x000000007463a000 	C:\Program Files\Java\jre1.8.0_51\bin\net.dll
0x000007fefc360000 - 0x000007fefc367000 	C:\Windows\System32\wship6.dll
0x0000000074470000 - 0x0000000074481000 	C:\Program Files\Java\jre1.8.0_51\bin\nio.dll
0x0000000072d00000 - 0x0000000072d42000 	C:\Program Files\Java\jre1.8.0_51\bin\t2k.dll
0x000007fef9070000 - 0x000007fef9110000 	C:\Windows\WinSxS\amd64_microsoft.windows.common-controls_6595b64144ccf1df_5.82.7601.18837_none_a4d981ff711297b6\comctl32.dll
0x000007feefa90000 - 0x000007feefc2c000 	C:\Windows\system32\NetworkExplorer.dll
0x000007fefb900000 - 0x000007fefb92d000 	C:\Windows\system32\ntmarta.dll
0x000007fefcfe0000 - 0x000007fefd032000 	C:\Windows\system32\WLDAP32.dll
0x000007fef7f60000 - 0x000007fef7f94000 	C:\Windows\System32\shdocvw.dll
0x000007fefa920000 - 0x000007fefa92b000 	C:\Windows\system32\slc.dll
0x000007fef8be0000 - 0x000007fef8bf8000 	C:\Windows\system32\MPR.dll
0x000007feea640000 - 0x000007feea64a000 	C:\Windows\System32\drprov.dll
0x000007fefca20000 - 0x000007fefca5d000 	C:\Windows\System32\WINSTA.dll
0x000007feea100000 - 0x000007feea122000 	C:\Windows\System32\ntlanman.dll
0x000007fee8dd0000 - 0x000007fee8ded000 	C:\Windows\System32\davclnt.dll
0x000007fee8d90000 - 0x000007fee8d9a000 	C:\Windows\System32\DAVHLPR.dll
0x000007fefa420000 - 0x000007fefa435000 	C:\Windows\system32\wkscli.dll
0x000007fef64b0000 - 0x000007fef64bf000 	C:\Windows\system32\cscapi.dll
0x000007fefa450000 - 0x000007fefa45c000 	C:\Windows\system32\netutils.dll
0x000007fee1750000 - 0x000007fee19c1000 	C:\Windows\system32\wpdshext.dll
0x000007fefaf30000 - 0x000007fefb146000 	C:\Windows\WinSxS\amd64_microsoft.windows.gdiplus_6595b64144ccf1df_1.1.7601.18852_none_2b28839e71e973ae\gdiplus.dll
0x000007fef1120000 - 0x000007fef11dd000 	C:\Windows\system32\PortableDeviceApi.dll
0x000007fefcd90000 - 0x000007fefcdcb000 	C:\Windows\system32\WINTRUST.dll
0x000007fef9810000 - 0x000007fef9837000 	C:\Windows\system32\EhStorAPI.dll
0x000007fef8cb0000 - 0x000007fef8cbc000 	C:\Windows\system32\LINKINFO.dll
0x00000000743e0000 - 0x000000007440a000 	C:\Program Files\Java\jre1.8.0_51\bin\dcpr.dll

VM Arguments:
jvm_args: -agentlib:jdwp=transport=dt_socket,suspend=y,address=localhost:64299 -Dfile.encoding=UTF-8 
java_command: abyss.Main
java_class_path (initial): C:\Users\Rince\git\ipne\DarkAbyss\bin;C:\Users\Rince\git\ipne\DarkAbyss\javadocking1.5.0\javadocking\lib\javadocking.jar;C:\Users\Rince\git\ipne\DarkAbyss\libraries\jcommon-1.0.23.jar;C:\Users\Rince\git\ipne\DarkAbyss\libraries\jfreechart-1.0.19.jar;C:\Users\Rince\git\ipne\DarkAbyss\javadocking1.5.0\javadocking\lib\liquidlnf.jar;C:\Users\Rince\git\ipne\DarkAbyss\javadocking1.5.0\javadocking\lib\nimrodlf.jar;C:\Users\Rince\git\ipne\DarkAbyss\javadocking1.5.0\javadocking\lib\substance-lite.jar;C:\Users\Rince\git\ipne\DarkAbyss\javadocking1.5.0\javadocking\lib\tinylaf.jar;C:\Users\Rince\git\ipne\DarkAbyss\libraries\jxl.jar;C:\Users\Rince\git\ipne\DarkAbyss\libraries\xstream-1.4.7.jar;C:\Users\Rince\git\ipne\DarkAbyss\libraries\simple-xml-2.6.9.jar;C:\Users\Rince\git\ipne\DarkAbyss\libraries\RCaller-2.4-SNAPSHOT.jar;C:\Users\Rince\git\ipne\DarkAbyss\libraries\Jama-1.0.3.jar
Launcher Type: SUN_STANDARD

Environment Variables:
PATH=C:/Program Files/Java/jre1.8.0_51/bin/server;C:/Program Files/Java/jre1.8.0_51/bin;C:/Program Files/Java/jre1.8.0_51/lib/amd64;C:\ProgramData\Oracle\Java\javapath;C:\Program Files (x86)\Common Files\Microsoft Shared\Windows Live;C:\Program Files (x86)\Intel\iCLS Client\;C:\Program Files\Intel\iCLS Client\;C:\Windows\system32;C:\Windows;C:\Windows\System32\Wbem;C:\Windows\System32\WindowsPowerShell\v1.0\;C:\Program Files (x86)\Intel\OpenCL SDK\2.0\bin\x86;C:\Program Files (x86)\Intel\OpenCL SDK\2.0\bin\x64;C:\Program Files\Intel\Intel(R) Management Engine Components\DAL;C:\Program Files\Intel\Intel(R) Management Engine Components\IPT;C:\Program Files (x86)\Intel\Intel(R) Management Engine Components\DAL;C:\Program Files (x86)\Intel\Intel(R) Management Engine Components\IPT;C:\Program Files (x86)\Microsoft ASP.NET\ASP.NET Web Pages\v1.0\;C:\Program Files\Microsoft SQL Server\110\Tools\Binn\;C:\Program Files\MiKTeX 2.9\miktex\bin\x64\;C:\Program Files\Lucidlogix Technologies\VIRTU MVP;C:\Program Files (x86)\Intel\OpenCL SDK\2.0\bin\x86;C:\Program Files (x86)\Intel\OpenCL SDK\2.0\bin\x64;C:\Program Files (x86)\Windows Kits\8.1\Windows Performance Toolkit\;C:\Program Files (x86)\QuickTime\QTSystem\;C:\Program Files\Microsoft SQL Server\120\Tools\Binn\;C:\Program Files\Microsoft\Web Platform Installer\;C:\Program Files\Calibre2\;C:\Program Files\TortoiseGit\bin;C:\Program Files (x86)\Microsoft SDKs\TypeScript\1.0\;C:\Program Files (x86)\NVIDIA Corporation\PhysX\Common;C:\Program Files\Common Files\Microsoft Shared\Windows Live;C:\eclipse;
USERNAME=Rince
OS=Windows_NT
PROCESSOR_IDENTIFIER=Intel64 Family 6 Model 58 Stepping 9, GenuineIntel



---------------  S Y S T E M  ---------------

OS: Windows 7 , 64 bit Build 7601 (6.1.7601.18869)

CPU:total 8 (4 cores per cpu, 2 threads per core) family 6 model 58 stepping 9, cmov, cx8, fxsr, mmx, sse, sse2, sse3, ssse3, sse4.1, sse4.2, popcnt, avx, aes, clmul, erms, ht, tsc, tscinvbit, tscinv

Memory: 4k page, physical 8270228k(3356908k free), swap 16538620k(11176296k free)

vm_info: Java HotSpot(TM) 64-Bit Server VM (25.51-b03) for windows-amd64 JRE (1.8.0_51-b16), built on Jun  8 2015 18:03:07 by "java_re" with MS VC++ 10.0 (VS2010)

time: Fri Jul 31 20:55:06 2015
elapsed time: 849 seconds (0d 0h 14m 9s)

